  iocpServerClass.cpp
D:\project\unreal\Server\Game Server\Server\iocpServerClass.cpp(33,14): warning C4996: 'gethostbyname': Use getaddrinfo() or GetAddrInfoW() instead or define _WINSOCK_DEPRECATED_NO_WARNINGS to disable deprecated API warnings
D:\project\unreal\Server\Game Server\Server\iocpServerClass.cpp(34,3): warning C4996: 'strcpy': This function or variable may be unsafe. Consider using strcpy_s instead. To disable deprecation, use _CRT_SECURE_NO_WARNINGS. See online help for details.
D:\project\unreal\Server\Game Server\Server\iocpServerClass.cpp(48,3): error C2664: 'void IOCP_CORE::IOCP_ErrorQuit(wchar_t *,int)': 인수 1을(를) 'const wchar_t [27]'에서 'wchar_t *'(으)로 변환할 수 없습니다.
D:\project\unreal\Server\Game Server\Server\iocpServerClass.cpp(48,18): message : 문자열 리터럴로부터의 변환은 const 한정자가 손실됩니다(/Zc:strictStrings 참조).
D:\project\unreal\Server\Game Server\Server\iocpServerClass.h(38,7): message : 'IOCP_CORE::IOCP_ErrorQuit' 선언을 참조하십시오.
D:\project\unreal\Server\Game Server\Server\iocpServerClass.cpp(48,3): message : 인수 목록 '(const wchar_t [27], int)'을(를) 일치시키는 동안
D:\project\unreal\Server\Game Server\Server\iocpServerClass.cpp(93,5): error C2664: 'void IOCP_CORE::IOCP_ErrorDisplay(char *,int,int)': 인수 1을(를) 'const char [45]'에서 'char *'(으)로 변환할 수 없습니다.
D:\project\unreal\Server\Game Server\Server\iocpServerClass.cpp(93,23): message : 문자열 리터럴로부터의 변환은 const 한정자가 손실됩니다(/Zc:strictStrings 참조).
D:\project\unreal\Server\Game Server\Server\iocpServerClass.h(37,7): message : 'IOCP_CORE::IOCP_ErrorDisplay' 선언을 참조하십시오.
D:\project\unreal\Server\Game Server\Server\iocpServerClass.cpp(93,5): message : 인수 목록 '(const char [45], int, long)'을(를) 일치시키는 동안
D:\project\unreal\Server\Game Server\Server\iocpServerClass.cpp(135,6): error C2664: 'void IOCP_CORE::IOCP_ErrorDisplay(char *,int,int)': 인수 1을(를) 'const char [27]'에서 'char *'(으)로 변환할 수 없습니다.
D:\project\unreal\Server\Game Server\Server\iocpServerClass.cpp(135,24): message : 문자열 리터럴로부터의 변환은 const 한정자가 손실됩니다(/Zc:strictStrings 참조).
D:\project\unreal\Server\Game Server\Server\iocpServerClass.h(37,7): message : 'IOCP_CORE::IOCP_ErrorDisplay' 선언을 참조하십시오.
D:\project\unreal\Server\Game Server\Server\iocpServerClass.cpp(135,6): message : 인수 목록 '(const char [27], int, long)'을(를) 일치시키는 동안
D:\project\unreal\Server\Game Server\Server\iocpServerClass.cpp(159,3): error C2664: 'void IOCP_CORE::IOCP_ErrorQuit(wchar_t *,int)': 인수 1을(를) 'const wchar_t [9]'에서 'wchar_t *'(으)로 변환할 수 없습니다.
D:\project\unreal\Server\Game Server\Server\iocpServerClass.cpp(159,18): message : 문자열 리터럴로부터의 변환은 const 한정자가 손실됩니다(/Zc:strictStrings 참조).
D:\project\unreal\Server\Game Server\Server\iocpServerClass.h(38,7): message : 'IOCP_CORE::IOCP_ErrorQuit' 선언을 참조하십시오.
D:\project\unreal\Server\Game Server\Server\iocpServerClass.cpp(159,3): message : 인수 목록 '(const wchar_t [9], int)'을(를) 일치시키는 동안
D:\project\unreal\Server\Game Server\Server\iocpServerClass.cpp(171,3): error C2664: 'void IOCP_CORE::IOCP_ErrorQuit(wchar_t *,int)': 인수 1을(를) 'const wchar_t [9]'에서 'wchar_t *'(으)로 변환할 수 없습니다.
D:\project\unreal\Server\Game Server\Server\iocpServerClass.cpp(171,18): message : 문자열 리터럴로부터의 변환은 const 한정자가 손실됩니다(/Zc:strictStrings 참조).
D:\project\unreal\Server\Game Server\Server\iocpServerClass.h(38,7): message : 'IOCP_CORE::IOCP_ErrorQuit' 선언을 참조하십시오.
D:\project\unreal\Server\Game Server\Server\iocpServerClass.cpp(171,3): message : 인수 목록 '(const wchar_t [9], int)'을(를) 일치시키는 동안
D:\project\unreal\Server\Game Server\Server\iocpServerClass.cpp(178,3): error C2664: 'void IOCP_CORE::IOCP_ErrorQuit(wchar_t *,int)': 인수 1을(를) 'const wchar_t [9]'에서 'wchar_t *'(으)로 변환할 수 없습니다.
D:\project\unreal\Server\Game Server\Server\iocpServerClass.cpp(178,18): message : 문자열 리터럴로부터의 변환은 const 한정자가 손실됩니다(/Zc:strictStrings 참조).
D:\project\unreal\Server\Game Server\Server\iocpServerClass.h(38,7): message : 'IOCP_CORE::IOCP_ErrorQuit' 선언을 참조하십시오.
D:\project\unreal\Server\Game Server\Server\iocpServerClass.cpp(178,3): message : 인수 목록 '(const wchar_t [9], int)'을(를) 일치시키는 동안
D:\project\unreal\Server\Game Server\Server\iocpServerClass.cpp(188,4): error C2664: 'void IOCP_CORE::IOCP_ErrorDisplay(char *,int,int)': 인수 1을(를) 'const char [18]'에서 'char *'(으)로 변환할 수 없습니다.
D:\project\unreal\Server\Game Server\Server\iocpServerClass.cpp(188,22): message : 문자열 리터럴로부터의 변환은 const 한정자가 손실됩니다(/Zc:strictStrings 참조).
D:\project\unreal\Server\Game Server\Server\iocpServerClass.h(37,7): message : 'IOCP_CORE::IOCP_ErrorDisplay' 선언을 참조하십시오.
D:\project\unreal\Server\Game Server\Server\iocpServerClass.cpp(188,4): message : 인수 목록 '(const char [18], int, long)'을(를) 일치시키는 동안
D:\project\unreal\Server\Game Server\Server\iocpServerClass.cpp(223,5): error C2664: 'void IOCP_CORE::IOCP_ErrorDisplay(char *,int,int)': 인수 1을(를) 'const char [16]'에서 'char *'(으)로 변환할 수 없습니다.
D:\project\unreal\Server\Game Server\Server\iocpServerClass.cpp(223,23): message : 문자열 리터럴로부터의 변환은 const 한정자가 손실됩니다(/Zc:strictStrings 참조).
D:\project\unreal\Server\Game Server\Server\iocpServerClass.h(37,7): message : 'IOCP_CORE::IOCP_ErrorDisplay' 선언을 참조하십시오.
D:\project\unreal\Server\Game Server\Server\iocpServerClass.cpp(223,5): message : 인수 목록 '(const char [16], int, long)'을(를) 일치시키는 동안
D:\project\unreal\Server\Game Server\Server\iocpServerClass.cpp(195,79): warning C4996: 'inet_ntoa': Use inet_ntop() or InetNtop() instead or define _WINSOCK_DEPRECATED_NO_WARNINGS to disable deprecated API warnings
D:\project\unreal\Server\Game Server\Server\iocpServerClass.cpp(243,4): error C2664: 'void IOCP_CORE::IOCP_ErrorDisplay(char *,int,int)': 인수 1을(를) 'const char [20]'에서 'char *'(으)로 변환할 수 없습니다.
D:\project\unreal\Server\Game Server\Server\iocpServerClass.cpp(243,22): message : 문자열 리터럴로부터의 변환은 const 한정자가 손실됩니다(/Zc:strictStrings 참조).
D:\project\unreal\Server\Game Server\Server\iocpServerClass.h(37,7): message : 'IOCP_CORE::IOCP_ErrorDisplay' 선언을 참조하십시오.
D:\project\unreal\Server\Game Server\Server\iocpServerClass.cpp(243,4): message : 인수 목록 '(const char [20], int, long)'을(를) 일치시키는 동안
  Main.cpp
  코드를 생성하고 있습니다...
